#
# There is insufficient memory for the Java Runtime Environment to continue.
# Native memory allocation (malloc) failed to allocate 2179216 bytes for Chunk::new
# Possible reasons:
#   The system is out of physical RAM or swap space
#   The process is running with CompressedOops enabled, and the Java Heap may be blocking the growth of the native heap
# Possible solutions:
#   Reduce memory load on the system
#   Increase physical memory or swap space
#   Check if swap backing store is full
#   Decrease Java heap size (-Xmx/-Xms)
#   Decrease number of Java threads
#   Decrease Java thread stack sizes (-Xss)
#   Set larger code cache with -XX:ReservedCodeCacheSize=
#   JVM is running with Unscaled Compressed Oops mode in which the Java heap is
#     placed in the first 4GB address space. The Java Heap base address is the
#     maximum limit for the native heap growth. Please use -XX:HeapBaseMinAddress
#     to set the Java Heap base and to place the Java Heap above 4GB virtual address.
# This output file may be truncated or incomplete.
#
#  Out of Memory Error (arena.cpp:168), pid=30152, tid=64484
#
# JRE version: Java(TM) SE Runtime Environment (21.0.1+12) (build 21.0.1+12-LTS-29)
# Java VM: Java HotSpot(TM) 64-Bit Server VM (21.0.1+12-LTS-29, mixed mode, sharing, tiered, compressed oops, compressed class ptrs, parallel gc, windows-amd64)
# No core dump will be written. Minidumps are not enabled by default on client versions of Windows
#

---------------  S U M M A R Y ------------

Command Line: --add-modules=ALL-SYSTEM --add-opens=java.base/java.util=ALL-UNNAMED --add-opens=java.base/java.lang=ALL-UNNAMED --add-opens=java.base/sun.nio.fs=ALL-UNNAMED -Declipse.application=org.eclipse.jdt.ls.core.id1 -Dosgi.bundles.defaultStartLevel=4 -Declipse.product=org.eclipse.jdt.ls.core.product -Djava.import.generatesMetadataFilesAtProjectRoot=false -DDetectVMInstallationsJob.disabled=true -Dfile.encoding=utf8 -XX:+UseParallelGC -XX:GCTimeRatio=4 -XX:AdaptiveSizePolicyWeight=90 -Dsun.zip.disableMemoryMapping=true -Xmx1G -Xms100m -Xlog:disable -javaagent:c:\Users\acer\.cursor\extensions\redhat.java-1.42.0-win32-x64\lombok\lombok-1.18.36.jar -XX:+HeapDumpOnOutOfMemoryError -XX:HeapDumpPath=c:\Users\acer\AppData\Roaming\Cursor\User\workspaceStorage\66bda457d6a4410ce3976e03a320a7be\redhat.java -Daether.dependencyCollector.impl=bf c:\Users\acer\.cursor\extensions\redhat.java-1.42.0-win32-x64\server\plugins\org.eclipse.equinox.launcher_1.7.0.v20250424-1814.jar -configuration c:\Users\acer\AppData\Roaming\Cursor\User\globalStorage\redhat.java\1.42.0\config_win -data c:\Users\acer\AppData\Roaming\Cursor\User\workspaceStorage\66bda457d6a4410ce3976e03a320a7be\redhat.java\jdt_ws --pipe=\\.\pipe\lsp-92c9041c061665a5439a43f4d633fd00-sock

Host: 13th Gen Intel(R) Core(TM) i5-13500HX, 20 cores, 15G,  Windows 11 , 64 bit Build 26100 (10.0.26100.4202)
Time: Fri Jun 20 22:14:07 2025 SE Asia Standard Time elapsed time: 8.929681 seconds (0d 0h 0m 8s)

---------------  T H R E A D  ---------------

Current thread (0x000001cf6d58de90):  JavaThread "C2 CompilerThread0" daemon [_thread_in_native, id=64484, stack(0x0000008032a00000,0x0000008032b00000) (1024K)]


Current CompileTask:
C2:   8929 4440       4       org.lombokweb.asm.ClassReader::readMethod (1070 bytes)

Stack: [0x0000008032a00000,0x0000008032b00000]
Native frames: (J=compiled Java code, j=interpreted, Vv=VM code, C=native code)
V  [jvm.dll+0x6c9029]
V  [jvm.dll+0x854b81]
V  [jvm.dll+0x856e5e]
V  [jvm.dll+0x857543]
V  [jvm.dll+0x280c06]
V  [jvm.dll+0xc3ead]
V  [jvm.dll+0xc43c3]
V  [jvm.dll+0x3b5732]
V  [jvm.dll+0x1e20b9]
V  [jvm.dll+0x249c22]
V  [jvm.dll+0x2490b1]
V  [jvm.dll+0x1c9ca1]
V  [jvm.dll+0x2586b9]
V  [jvm.dll+0x256c9a]
V  [jvm.dll+0x3ef1b6]
V  [jvm.dll+0x7fd728]
V  [jvm.dll+0x6c777d]
C  [ucrtbase.dll+0x37b0]
C  [KERNEL32.DLL+0x2e8d7]
C  [ntdll.dll+0x3c34c]


---------------  P R O C E S S  ---------------

Threads class SMR info:
_java_thread_list=0x000001cf51acd740, length=30, elements={
0x000001cf6b0aad60, 0x000001cf77b1dac0, 0x000001cf6d570fe0, 0x000001cf6d5755a0,
0x000001cf6d578380, 0x000001cf6d5777c0, 0x000001cf6d583330, 0x000001cf6d58de90,
0x000001cf6d58e540, 0x000001cf791f0650, 0x000001cf791f9090, 0x000001cf7f123190,
0x000001cf7f821880, 0x000001cf7f809220, 0x000001cf505d29d0, 0x000001cf505d3040,
0x000001cf50839d40, 0x000001cf50a991e0, 0x000001cf50c90580, 0x000001cf5068faa0,
0x000001cf506941c0, 0x000001cf50690e50, 0x000001cf50695d00, 0x000001cf50692890,
0x000001cf506914e0, 0x000001cf50691b70, 0x000001cf50692200, 0x000001cf50690130,
0x000001cf506907c0, 0x000001cf53a96050
}

Java Threads: ( => current thread )
  0x000001cf6b0aad60 JavaThread "main"                              [_thread_in_vm, id=11624, stack(0x0000008032000000,0x0000008032100000) (1024K)]
  0x000001cf77b1dac0 JavaThread "Reference Handler"          daemon [_thread_blocked, id=28596, stack(0x0000008032400000,0x0000008032500000) (1024K)]
  0x000001cf6d570fe0 JavaThread "Finalizer"                  daemon [_thread_blocked, id=24040, stack(0x0000008032500000,0x0000008032600000) (1024K)]
  0x000001cf6d5755a0 JavaThread "Signal Dispatcher"          daemon [_thread_blocked, id=34724, stack(0x0000008032600000,0x0000008032700000) (1024K)]
  0x000001cf6d578380 JavaThread "Attach Listener"            daemon [_thread_blocked, id=63892, stack(0x0000008032700000,0x0000008032800000) (1024K)]
  0x000001cf6d5777c0 JavaThread "Service Thread"             daemon [_thread_blocked, id=41548, stack(0x0000008032800000,0x0000008032900000) (1024K)]
  0x000001cf6d583330 JavaThread "Monitor Deflation Thread"   daemon [_thread_blocked, id=62192, stack(0x0000008032900000,0x0000008032a00000) (1024K)]
=>0x000001cf6d58de90 JavaThread "C2 CompilerThread0"         daemon [_thread_in_native, id=64484, stack(0x0000008032a00000,0x0000008032b00000) (1024K)]
  0x000001cf6d58e540 JavaThread "C1 CompilerThread0"         daemon [_thread_in_native, id=11068, stack(0x0000008032b00000,0x0000008032c00000) (1024K)]
  0x000001cf791f0650 JavaThread "Common-Cleaner"             daemon [_thread_blocked, id=40216, stack(0x0000008032c00000,0x0000008032d00000) (1024K)]
  0x000001cf791f9090 JavaThread "C1 CompilerThread1"         daemon [_thread_in_native, id=59296, stack(0x0000008032d00000,0x0000008032e00000) (1024K)]
  0x000001cf7f123190 JavaThread "Notification Thread"        daemon [_thread_blocked, id=10676, stack(0x0000008033200000,0x0000008033300000) (1024K)]
  0x000001cf7f821880 JavaThread "Active Thread: Equinox Container: adc8590c-b8db-4020-8d33-50bdd71efc07"        [_thread_blocked, id=45940, stack(0x0000008033900000,0x0000008033a00000) (1024K)]
  0x000001cf7f809220 JavaThread "Refresh Thread: Equinox Container: adc8590c-b8db-4020-8d33-50bdd71efc07" daemon [_thread_blocked, id=57464, stack(0x0000008033b00000,0x0000008033c00000) (1024K)]
  0x000001cf505d29d0 JavaThread "Framework Event Dispatcher: Equinox Container: adc8590c-b8db-4020-8d33-50bdd71efc07" daemon [_thread_blocked, id=65160, stack(0x0000008033c00000,0x0000008033d00000) (1024K)]
  0x000001cf505d3040 JavaThread "Start Level: Equinox Container: adc8590c-b8db-4020-8d33-50bdd71efc07" daemon [_thread_blocked, id=41840, stack(0x0000008033d00000,0x0000008033e00000) (1024K)]
  0x000001cf50839d40 JavaThread "Bundle File Closer"         daemon [_thread_blocked, id=45808, stack(0x0000008034100000,0x0000008034200000) (1024K)]
  0x000001cf50a991e0 JavaThread "SCR Component Actor"        daemon [_thread_blocked, id=37156, stack(0x0000008034200000,0x0000008034300000) (1024K)]
  0x000001cf50c90580 JavaThread "SCR Component Registry"     daemon [_thread_blocked, id=16852, stack(0x0000008034300000,0x0000008034400000) (1024K)]
  0x000001cf5068faa0 JavaThread "Worker-JM"                         [_thread_blocked, id=14848, stack(0x0000008032e00000,0x0000008032f00000) (1024K)]
  0x000001cf506941c0 JavaThread "C2 CompilerThread1"         daemon [_thread_in_native, id=39164, stack(0x0000008034500000,0x0000008034600000) (1024K)]
  0x000001cf50690e50 JavaThread "JNA Cleaner"                daemon [_thread_blocked, id=20580, stack(0x0000008032f00000,0x0000008033000000) (1024K)]
  0x000001cf50695d00 JavaThread "C2 CompilerThread2"         daemon [_thread_in_vm, id=49020, stack(0x0000008034600000,0x0000008034700000) (1024K)]
  0x000001cf50692890 JavaThread "Worker-0: Updating Maven Dependencies"        [_thread_blocked, id=17788, stack(0x0000008034700000,0x0000008034800000) (1024K)]
  0x000001cf506914e0 JavaThread "Worker-1: Initialize After Load"        [_thread_in_vm, id=40804, stack(0x0000008034800000,0x0000008034900000) (1024K)]
  0x000001cf50691b70 JavaThread "Java indexing"              daemon [_thread_blocked, id=51820, stack(0x0000008034c00000,0x0000008034d00000) (1024K)]
  0x000001cf50692200 JavaThread "Worker-2: Repository registry initialization"        [_thread_in_vm, id=21520, stack(0x0000008034f00000,0x0000008035000000) (1024K)]
  0x000001cf50690130 JavaThread "Worker-3: Load persistent model for all projects"        [_thread_in_vm, id=35140, stack(0x0000008035000000,0x0000008035100000) (1024K)]
  0x000001cf506907c0 JavaThread "Worker-4: Loading available Gradle versions"        [_thread_in_vm, id=59872, stack(0x0000008035100000,0x0000008035200000) (1024K)]
  0x000001cf53a96050 JavaThread "Worker-5"                          [_thread_blocked, id=44176, stack(0x0000008034a00000,0x0000008034b00000) (1024K)]
Total: 30

Other Threads:
  0x000001cf77b04ae0 VMThread "VM Thread"                           [id=11980, stack(0x0000008032300000,0x0000008032400000) (1024K)]
  0x000001cf779fca00 WatcherThread "VM Periodic Task Thread"        [id=50232, stack(0x0000008032200000,0x0000008032300000) (1024K)]
  0x000001cf6d4e8ce0 WorkerThread "GC Thread#0"                     [id=26852, stack(0x0000008032100000,0x0000008032200000) (1024K)]
  0x000001cf7f908c60 WorkerThread "GC Thread#1"                     [id=44232, stack(0x0000008033300000,0x0000008033400000) (1024K)]
  0x000001cf7f909810 WorkerThread "GC Thread#2"                     [id=32836, stack(0x0000008033400000,0x0000008033500000) (1024K)]
  0x000001cf7f594080 WorkerThread "GC Thread#3"                     [id=14144, stack(0x0000008033500000,0x0000008033600000) (1024K)]
  0x000001cf7f594420 WorkerThread "GC Thread#4"                     [id=52308, stack(0x0000008033600000,0x0000008033700000) (1024K)]
  0x000001cf7f5947c0 WorkerThread "GC Thread#5"                     [id=64160, stack(0x0000008033700000,0x0000008033800000) (1024K)]
  0x000001cf7f594f60 WorkerThread "GC Thread#6"                     [id=44400, stack(0x0000008033800000,0x0000008033900000) (1024K)]
  0x000001cf7f879d60 WorkerThread "GC Thread#7"                     [id=52840, stack(0x0000008033a00000,0x0000008033b00000) (1024K)]
  0x000001cf7f871d80 WorkerThread "GC Thread#8"                     [id=32080, stack(0x0000008033e00000,0x0000008033f00000) (1024K)]
  0x000001cf7f872860 WorkerThread "GC Thread#9"                     [id=8804, stack(0x0000008033f00000,0x0000008034000000) (1024K)]
  0x000001cf7f872fa0 WorkerThread "GC Thread#10"                    [id=63676, stack(0x0000008034000000,0x0000008034100000) (1024K)]
  0x000001cf7f872c00 WorkerThread "GC Thread#11"                    [id=59352, stack(0x0000008034400000,0x0000008034500000) (1024K)]
  0x000001cf7f8736e0 WorkerThread "GC Thread#12"                    [id=8512, stack(0x0000008033000000,0x0000008033100000) (1024K)]
  0x000001cf50d4b4b0 WorkerThread "GC Thread#13"                    [id=8220, stack(0x0000008033100000,0x0000008033200000) (1024K)]
  0x000001cf50d4c330 WorkerThread "GC Thread#14"                    [id=23532, stack(0x0000008034900000,0x0000008034a00000) (1024K)]
Total: 17

Threads with active compile tasks:
C2 CompilerThread0     8960 4440       4       org.lombokweb.asm.ClassReader::readMethod (1070 bytes)
C1 CompilerThread1     8960 5027       3       java.lang.Thread::isVirtual (5 bytes)
C2 CompilerThread1     8960 4958       4       java.util.zip.ZipFile$Source::initCEN (612 bytes)
C2 CompilerThread2     8960 4990       4       org.eclipse.core.internal.watson.ElementTreeIterator::requestPath (100 bytes)
Total: 4

VM state: not at safepoint (normal execution)

VM Mutex/Monitor currently owned by a thread:  ([mutex/lock_event])
[0x00007fff34a2a5f8] Threads_lock - owner thread: 0x000001cf6b0aad60

Heap address: 0x00000000c0000000, size: 1024 MB, Compressed Oops mode: 32-bit

CDS archive(s) mapped at: [0x000001cf0f000000-0x000001cf0fc90000-0x000001cf0fc90000), size 13172736, SharedBaseAddress: 0x000001cf0f000000, ArchiveRelocationMode: 1.
Compressed class space mapped at: 0x000001cf10000000-0x000001cf50000000, reserved size: 1073741824
Narrow klass base: 0x000001cf0f000000, Narrow klass shift: 0, Narrow klass range: 0x100000000

GC Precious Log:
 CardTable entry size: 512
 CPUs: 20 total, 20 available
 Memory: 16103M
 Large Page Support: Disabled
 NUMA Support: Disabled
 Compressed Oops: Enabled (32-bit)
 Alignments: Space 512K, Generation 512K, Heap 2M
 Heap Min Capacity: 100M
 Heap Initial Capacity: 100M
 Heap Max Capacity: 1G
 Pre-touch: Disabled
 Parallel Workers: 15

Heap:
 PSYoungGen      total 25600K, used 20132K [0x00000000eab00000, 0x00000000ec880000, 0x0000000100000000)
  eden space 22016K, 81% used [0x00000000eab00000,0x00000000ebc9a4d8,0x00000000ec080000)
  from space 3584K, 58% used [0x00000000ec280000,0x00000000ec48ee70,0x00000000ec600000)
  to   space 2560K, 0% used [0x00000000ec600000,0x00000000ec600000,0x00000000ec880000)
 ParOldGen       total 68608K, used 17443K [0x00000000c0000000, 0x00000000c4300000, 0x00000000eab00000)
  object space 68608K, 25% used [0x00000000c0000000,0x00000000c1108d60,0x00000000c4300000)
 Metaspace       used 32895K, committed 33920K, reserved 1114112K
  class space    used 3148K, committed 3584K, reserved 1048576K

Card table byte_map: [0x000001cf6ce70000,0x000001cf6d080000] _byte_map_base: 0x000001cf6c870000

Marking Bits: (ParMarkBitMap*) 0x00007fff34a2f550
 Begin Bits: [0x000001cf75920000, 0x000001cf76920000)
 End Bits:   [0x000001cf76920000, 0x000001cf77920000)

Polling page: 0x000001cf6b440000

Metaspace:

Usage:
  Non-class:     29.05 MB used.
      Class:      3.07 MB used.
       Both:     32.12 MB used.

Virtual space:
  Non-class space:       64.00 MB reserved,      29.62 MB ( 46%) committed,  1 nodes.
      Class space:        1.00 GB reserved,       3.50 MB ( <1%) committed,  1 nodes.
             Both:        1.06 GB reserved,      33.12 MB (  3%) committed. 

Chunk freelists:
   Non-Class:  2.09 MB
       Class:  12.31 MB
        Both:  14.41 MB

MaxMetaspaceSize: unlimited
CompressedClassSpaceSize: 1.00 GB
Initial GC threshold: 21.00 MB
Current GC threshold: 35.00 MB
CDS: on
 - commit_granule_bytes: 65536.
 - commit_granule_words: 8192.
 - virtual_space_node_default_size: 8388608.
 - enlarge_chunks_in_place: 1.
 - use_allocation_guard: 0.


Internal statistics:

num_allocs_failed_limit: 3.
num_arena_births: 742.
num_arena_deaths: 14.
num_vsnodes_births: 2.
num_vsnodes_deaths: 0.
num_space_committed: 530.
num_space_uncommitted: 0.
num_chunks_returned_to_freelist: 17.
num_chunks_taken_from_freelist: 2089.
num_chunk_merges: 4.
num_chunk_splits: 1311.
num_chunks_enlarged: 813.
num_inconsistent_stats: 0.

CodeHeap 'non-profiled nmethods': size=119168Kb used=2238Kb max_used=2238Kb free=116929Kb
 bounds [0x000001cf07ba0000, 0x000001cf07e10000, 0x000001cf0f000000]
CodeHeap 'profiled nmethods': size=119104Kb used=11065Kb max_used=11065Kb free=108039Kb
 bounds [0x000001cf00000000, 0x000001cf00ad0000, 0x000001cf07450000]
CodeHeap 'non-nmethods': size=7488Kb used=1916Kb max_used=3045Kb free=5571Kb
 bounds [0x000001cf07450000, 0x000001cf077d0000, 0x000001cf07ba0000]
 total_blobs=5651 nmethods=5004 adapters=552
 compilation: enabled
              stopped_count=0, restarted_count=0
 full_count=0

Compilation events (20 events):
Event: 7.907 Thread 0x000001cf791f9090 nmethod 4985 0x000001cf00abca90 code [0x000001cf00abccc0, 0x000001cf00abd268]
Event: 7.909 Thread 0x000001cf791f9090 4995       3       org.codehaus.plexus.util.xml.pull.MXParser::setNameStart (11 bytes)
Event: 7.909 Thread 0x000001cf6d58e540 4996       3       org.codehaus.plexus.util.xml.pull.MXParser::setName (7 bytes)
Event: 7.909 Thread 0x000001cf791f9090 nmethod 4995 0x000001cf00abd510 code [0x000001cf00abd6c0, 0x000001cf00abd8b8]
Event: 7.909 Thread 0x000001cf6d58e540 nmethod 4996 0x000001cf00abd990 code [0x000001cf00abdb40, 0x000001cf00abdd10]
Event: 7.910 Thread 0x000001cf791f9090 4997       3       org.codehaus.plexus.util.xml.pull.MXParser::more (106 bytes)
Event: 7.910 Thread 0x000001cf6d58e540 4998       3       org.codehaus.plexus.util.xml.pull.MXParser::isValidCodePoint (64 bytes)
Event: 7.910 Thread 0x000001cf6d58e540 nmethod 4998 0x000001cf00abde10 code [0x000001cf00abdfc0, 0x000001cf00abe2e0]
Event: 7.910 Thread 0x000001cf791f9090 nmethod 4997 0x000001cf00abe390 code [0x000001cf00abe5e0, 0x000001cf00abed58]
Event: 7.911 Thread 0x000001cf791f9090 5000       3       org.codehaus.plexus.util.xml.pull.MXParser::isNameChar (56 bytes)
Event: 7.911 Thread 0x000001cf6d58e540 5001       3       org.codehaus.plexus.util.xml.pull.MXParser::nextImpl (1203 bytes)
Event: 7.911 Thread 0x000001cf791f9090 nmethod 5000 0x000001cf00abf090 code [0x000001cf00abf240, 0x000001cf00abf500]
Event: 7.911 Thread 0x000001cf791f9090 5002       3       org.codehaus.plexus.util.xml.pull.MXParser::next (10 bytes)
Event: 7.912 Thread 0x000001cf791f9090 nmethod 5002 0x000001cf00abf610 code [0x000001cf00abf7c0, 0x000001cf00abf900]
Event: 7.912 Thread 0x000001cf791f9090 5004       3       org.codehaus.plexus.util.xml.pull.MXParser::parseEndTag (429 bytes)
Event: 7.914 Thread 0x000001cf791f9090 nmethod 5004 0x000001cf00abf990 code [0x000001cf00abff60, 0x000001cf00ac2510]
Event: 7.915 Thread 0x000001cf6d58e540 nmethod 5001 0x000001cf00ac3610 code [0x000001cf00ac3ca0, 0x000001cf00ac6d70]
Event: 7.918 Thread 0x000001cf50695d00 nmethod 4756 0x000001cf07dc2a10 code [0x000001cf07dc31c0, 0x000001cf07dc9348]
Event: 7.918 Thread 0x000001cf791f9090 5011       3       java.util.stream.ReduceOps$3ReducingSink::accept (15 bytes)
Event: 7.919 Thread 0x000001cf791f9090 nmethod 5011 0x000001cf00ac7c10 code [0x000001cf00ac7dc0, 0x000001cf00ac7fa8]

GC Heap History (20 events):
Event: 0.965 GC heap before
{Heap before GC invocations=3 (full 0):
 PSYoungGen      total 29696K, used 29675K [0x00000000eab00000, 0x00000000ecc00000, 0x0000000100000000)
  eden space 25600K, 100% used [0x00000000eab00000,0x00000000ec400000,0x00000000ec400000)
  from space 4096K, 99% used [0x00000000ec800000,0x00000000ecbfaec0,0x00000000ecc00000)
  to   space 4096K, 0% used [0x00000000ec400000,0x00000000ec400000,0x00000000ec800000)
 ParOldGen       total 68608K, used 1660K [0x00000000c0000000, 0x00000000c4300000, 0x00000000eab00000)
  object space 68608K, 2% used [0x00000000c0000000,0x00000000c019f030,0x00000000c4300000)
 Metaspace       used 9526K, committed 9920K, reserved 1114112K
  class space    used 958K, committed 1152K, reserved 1048576K
}
Event: 0.968 GC heap after
{Heap after GC invocations=3 (full 0):
 PSYoungGen      total 29696K, used 4066K [0x00000000eab00000, 0x00000000ecc00000, 0x0000000100000000)
  eden space 25600K, 0% used [0x00000000eab00000,0x00000000eab00000,0x00000000ec400000)
  from space 4096K, 99% used [0x00000000ec400000,0x00000000ec7f8bb0,0x00000000ec800000)
  to   space 4096K, 0% used [0x00000000ec800000,0x00000000ec800000,0x00000000ecc00000)
 ParOldGen       total 68608K, used 4186K [0x00000000c0000000, 0x00000000c4300000, 0x00000000eab00000)
  object space 68608K, 6% used [0x00000000c0000000,0x00000000c04168f0,0x00000000c4300000)
 Metaspace       used 9526K, committed 9920K, reserved 1114112K
  class space    used 958K, committed 1152K, reserved 1048576K
}
Event: 1.227 GC heap before
{Heap before GC invocations=4 (full 0):
 PSYoungGen      total 29696K, used 29666K [0x00000000eab00000, 0x00000000ecc00000, 0x0000000100000000)
  eden space 25600K, 100% used [0x00000000eab00000,0x00000000ec400000,0x00000000ec400000)
  from space 4096K, 99% used [0x00000000ec400000,0x00000000ec7f8bb0,0x00000000ec800000)
  to   space 4096K, 0% used [0x00000000ec800000,0x00000000ec800000,0x00000000ecc00000)
 ParOldGen       total 68608K, used 4186K [0x00000000c0000000, 0x00000000c4300000, 0x00000000eab00000)
  object space 68608K, 6% used [0x00000000c0000000,0x00000000c04168f0,0x00000000c4300000)
 Metaspace       used 12181K, committed 12544K, reserved 1114112K
  class space    used 1224K, committed 1408K, reserved 1048576K
}
Event: 1.232 GC heap after
{Heap after GC invocations=4 (full 0):
 PSYoungGen      total 29696K, used 4078K [0x00000000eab00000, 0x00000000ecc00000, 0x0000000100000000)
  eden space 25600K, 0% used [0x00000000eab00000,0x00000000eab00000,0x00000000ec400000)
  from space 4096K, 99% used [0x00000000ec800000,0x00000000ecbfb9e8,0x00000000ecc00000)
  to   space 4096K, 0% used [0x00000000ec400000,0x00000000ec400000,0x00000000ec800000)
 ParOldGen       total 68608K, used 6113K [0x00000000c0000000, 0x00000000c4300000, 0x00000000eab00000)
  object space 68608K, 8% used [0x00000000c0000000,0x00000000c05f8668,0x00000000c4300000)
 Metaspace       used 12181K, committed 12544K, reserved 1114112K
  class space    used 1224K, committed 1408K, reserved 1048576K
}
Event: 3.658 GC heap before
{Heap before GC invocations=5 (full 0):
 PSYoungGen      total 29696K, used 29678K [0x00000000eab00000, 0x00000000ecc00000, 0x0000000100000000)
  eden space 25600K, 100% used [0x00000000eab00000,0x00000000ec400000,0x00000000ec400000)
  from space 4096K, 99% used [0x00000000ec800000,0x00000000ecbfb9e8,0x00000000ecc00000)
  to   space 4096K, 0% used [0x00000000ec400000,0x00000000ec400000,0x00000000ec800000)
 ParOldGen       total 68608K, used 6113K [0x00000000c0000000, 0x00000000c4300000, 0x00000000eab00000)
  object space 68608K, 8% used [0x00000000c0000000,0x00000000c05f8668,0x00000000c4300000)
 Metaspace       used 15301K, committed 15936K, reserved 1114112K
  class space    used 1493K, committed 1728K, reserved 1048576K
}
Event: 3.660 GC heap after
{Heap after GC invocations=5 (full 0):
 PSYoungGen      total 29184K, used 4075K [0x00000000eab00000, 0x00000000ecf80000, 0x0000000100000000)
  eden space 25088K, 0% used [0x00000000eab00000,0x00000000eab00000,0x00000000ec380000)
  from space 4096K, 99% used [0x00000000ec400000,0x00000000ec7faca8,0x00000000ec800000)
  to   space 6144K, 0% used [0x00000000ec980000,0x00000000ec980000,0x00000000ecf80000)
 ParOldGen       total 68608K, used 7663K [0x00000000c0000000, 0x00000000c4300000, 0x00000000eab00000)
  object space 68608K, 11% used [0x00000000c0000000,0x00000000c077bed0,0x00000000c4300000)
 Metaspace       used 15301K, committed 15936K, reserved 1114112K
  class space    used 1493K, committed 1728K, reserved 1048576K
}
Event: 5.105 GC heap before
{Heap before GC invocations=6 (full 0):
 PSYoungGen      total 29184K, used 29163K [0x00000000eab00000, 0x00000000ecf80000, 0x0000000100000000)
  eden space 25088K, 100% used [0x00000000eab00000,0x00000000ec380000,0x00000000ec380000)
  from space 4096K, 99% used [0x00000000ec400000,0x00000000ec7faca8,0x00000000ec800000)
  to   space 6144K, 0% used [0x00000000ec980000,0x00000000ec980000,0x00000000ecf80000)
 ParOldGen       total 68608K, used 7663K [0x00000000c0000000, 0x00000000c4300000, 0x00000000eab00000)
  object space 68608K, 11% used [0x00000000c0000000,0x00000000c077bed0,0x00000000c4300000)
 Metaspace       used 18467K, committed 19264K, reserved 1114112K
  class space    used 1822K, committed 2176K, reserved 1048576K
}
Event: 5.108 GC heap after
{Heap after GC invocations=6 (full 0):
 PSYoungGen      total 30208K, used 6139K [0x00000000eab00000, 0x00000000ed100000, 0x0000000100000000)
  eden space 24064K, 0% used [0x00000000eab00000,0x00000000eab00000,0x00000000ec280000)
  from space 6144K, 99% used [0x00000000ec980000,0x00000000ecf7ed68,0x00000000ecf80000)
  to   space 7168K, 0% used [0x00000000ec280000,0x00000000ec280000,0x00000000ec980000)
 ParOldGen       total 68608K, used 8423K [0x00000000c0000000, 0x00000000c4300000, 0x00000000eab00000)
  object space 68608K, 12% used [0x00000000c0000000,0x00000000c0839ed0,0x00000000c4300000)
 Metaspace       used 18467K, committed 19264K, reserved 1114112K
  class space    used 1822K, committed 2176K, reserved 1048576K
}
Event: 5.299 GC heap before
{Heap before GC invocations=7 (full 0):
 PSYoungGen      total 30208K, used 28940K [0x00000000eab00000, 0x00000000ed100000, 0x0000000100000000)
  eden space 24064K, 94% used [0x00000000eab00000,0x00000000ec144438,0x00000000ec280000)
  from space 6144K, 99% used [0x00000000ec980000,0x00000000ecf7ed68,0x00000000ecf80000)
  to   space 7168K, 0% used [0x00000000ec280000,0x00000000ec280000,0x00000000ec980000)
 ParOldGen       total 68608K, used 8423K [0x00000000c0000000, 0x00000000c4300000, 0x00000000eab00000)
  object space 68608K, 12% used [0x00000000c0000000,0x00000000c0839ed0,0x00000000c4300000)
 Metaspace       used 20691K, committed 21504K, reserved 1114112K
  class space    used 2072K, committed 2432K, reserved 1048576K
}
Event: 5.302 GC heap after
{Heap after GC invocations=7 (full 0):
 PSYoungGen      total 29696K, used 5328K [0x00000000eab00000, 0x00000000ecf00000, 0x0000000100000000)
  eden space 24064K, 0% used [0x00000000eab00000,0x00000000eab00000,0x00000000ec280000)
  from space 5632K, 94% used [0x00000000ec280000,0x00000000ec7b4218,0x00000000ec800000)
  to   space 6144K, 0% used [0x00000000ec900000,0x00000000ec900000,0x00000000ecf00000)
 ParOldGen       total 68608K, used 9793K [0x00000000c0000000, 0x00000000c4300000, 0x00000000eab00000)
  object space 68608K, 14% used [0x00000000c0000000,0x00000000c09906a8,0x00000000c4300000)
 Metaspace       used 20691K, committed 21504K, reserved 1114112K
  class space    used 2072K, committed 2432K, reserved 1048576K
}
Event: 5.302 GC heap before
{Heap before GC invocations=8 (full 1):
 PSYoungGen      total 29696K, used 5328K [0x00000000eab00000, 0x00000000ecf00000, 0x0000000100000000)
  eden space 24064K, 0% used [0x00000000eab00000,0x00000000eab00000,0x00000000ec280000)
  from space 5632K, 94% used [0x00000000ec280000,0x00000000ec7b4218,0x00000000ec800000)
  to   space 6144K, 0% used [0x00000000ec900000,0x00000000ec900000,0x00000000ecf00000)
 ParOldGen       total 68608K, used 9793K [0x00000000c0000000, 0x00000000c4300000, 0x00000000eab00000)
  object space 68608K, 14% used [0x00000000c0000000,0x00000000c09906a8,0x00000000c4300000)
 Metaspace       used 20691K, committed 21504K, reserved 1114112K
  class space    used 2072K, committed 2432K, reserved 1048576K
}
Event: 5.327 GC heap after
{Heap after GC invocations=8 (full 1):
 PSYoungGen      total 29696K, used 0K [0x00000000eab00000, 0x00000000ecf00000, 0x0000000100000000)
  eden space 24064K, 0% used [0x00000000eab00000,0x00000000eab00000,0x00000000ec280000)
  from space 5632K, 0% used [0x00000000ec280000,0x00000000ec280000,0x00000000ec800000)
  to   space 6144K, 0% used [0x00000000ec900000,0x00000000ec900000,0x00000000ecf00000)
 ParOldGen       total 68608K, used 14352K [0x00000000c0000000, 0x00000000c4300000, 0x00000000eab00000)
  object space 68608K, 20% used [0x00000000c0000000,0x00000000c0e04248,0x00000000c4300000)
 Metaspace       used 20678K, committed 21504K, reserved 1114112K
  class space    used 2069K, committed 2432K, reserved 1048576K
}
Event: 5.465 GC heap before
{Heap before GC invocations=9 (full 1):
 PSYoungGen      total 29696K, used 24064K [0x00000000eab00000, 0x00000000ecf00000, 0x0000000100000000)
  eden space 24064K, 100% used [0x00000000eab00000,0x00000000ec280000,0x00000000ec280000)
  from space 5632K, 0% used [0x00000000ec280000,0x00000000ec280000,0x00000000ec800000)
  to   space 6144K, 0% used [0x00000000ec900000,0x00000000ec900000,0x00000000ecf00000)
 ParOldGen       total 68608K, used 14352K [0x00000000c0000000, 0x00000000c4300000, 0x00000000eab00000)
  object space 68608K, 20% used [0x00000000c0000000,0x00000000c0e04248,0x00000000c4300000)
 Metaspace       used 22911K, committed 23744K, reserved 1114112K
  class space    used 2254K, committed 2624K, reserved 1048576K
}
Event: 5.466 GC heap after
{Heap after GC invocations=9 (full 1):
 PSYoungGen      total 24576K, used 907K [0x00000000eab00000, 0x00000000eca00000, 0x0000000100000000)
  eden space 23552K, 0% used [0x00000000eab00000,0x00000000eab00000,0x00000000ec200000)
  from space 1024K, 88% used [0x00000000ec900000,0x00000000ec9e2c68,0x00000000eca00000)
  to   space 3072K, 0% used [0x00000000ec400000,0x00000000ec400000,0x00000000ec700000)
 ParOldGen       total 68608K, used 14360K [0x00000000c0000000, 0x00000000c4300000, 0x00000000eab00000)
  object space 68608K, 20% used [0x00000000c0000000,0x00000000c0e06248,0x00000000c4300000)
 Metaspace       used 22911K, committed 23744K, reserved 1114112K
  class space    used 2254K, committed 2624K, reserved 1048576K
}
Event: 5.604 GC heap before
{Heap before GC invocations=10 (full 1):
 PSYoungGen      total 24576K, used 24459K [0x00000000eab00000, 0x00000000eca00000, 0x0000000100000000)
  eden space 23552K, 100% used [0x00000000eab00000,0x00000000ec200000,0x00000000ec200000)
  from space 1024K, 88% used [0x00000000ec900000,0x00000000ec9e2c68,0x00000000eca00000)
  to   space 3072K, 0% used [0x00000000ec400000,0x00000000ec400000,0x00000000ec700000)
 ParOldGen       total 68608K, used 14360K [0x00000000c0000000, 0x00000000c4300000, 0x00000000eab00000)
  object space 68608K, 20% used [0x00000000c0000000,0x00000000c0e06248,0x00000000c4300000)
 Metaspace       used 26455K, committed 27264K, reserved 1114112K
  class space    used 2510K, committed 2880K, reserved 1048576K
}
Event: 5.605 GC heap after
{Heap after GC invocations=10 (full 1):
 PSYoungGen      total 26112K, used 1245K [0x00000000eab00000, 0x00000000ec980000, 0x0000000100000000)
  eden space 23040K, 0% used [0x00000000eab00000,0x00000000eab00000,0x00000000ec180000)
  from space 3072K, 40% used [0x00000000ec400000,0x00000000ec537490,0x00000000ec700000)
  to   space 1536K, 0% used [0x00000000ec800000,0x00000000ec800000,0x00000000ec980000)
 ParOldGen       total 68608K, used 14368K [0x00000000c0000000, 0x00000000c4300000, 0x00000000eab00000)
  object space 68608K, 20% used [0x00000000c0000000,0x00000000c0e08248,0x00000000c4300000)
 Metaspace       used 26455K, committed 27264K, reserved 1114112K
  class space    used 2510K, committed 2880K, reserved 1048576K
}
Event: 5.706 GC heap before
{Heap before GC invocations=11 (full 1):
 PSYoungGen      total 26112K, used 24285K [0x00000000eab00000, 0x00000000ec980000, 0x0000000100000000)
  eden space 23040K, 100% used [0x00000000eab00000,0x00000000ec180000,0x00000000ec180000)
  from space 3072K, 40% used [0x00000000ec400000,0x00000000ec537490,0x00000000ec700000)
  to   space 1536K, 0% used [0x00000000ec800000,0x00000000ec800000,0x00000000ec980000)
 ParOldGen       total 68608K, used 14368K [0x00000000c0000000, 0x00000000c4300000, 0x00000000eab00000)
  object space 68608K, 20% used [0x00000000c0000000,0x00000000c0e08248,0x00000000c4300000)
 Metaspace       used 28144K, committed 28928K, reserved 1114112K
  class space    used 2624K, committed 2944K, reserved 1048576K
}
Event: 5.708 GC heap after
{Heap after GC invocations=11 (full 1):
 PSYoungGen      total 24064K, used 1531K [0x00000000eab00000, 0x00000000ec980000, 0x0000000100000000)
  eden space 22528K, 0% used [0x00000000eab00000,0x00000000eab00000,0x00000000ec100000)
  from space 1536K, 99% used [0x00000000ec800000,0x00000000ec97eda0,0x00000000ec980000)
  to   space 3584K, 0% used [0x00000000ec280000,0x00000000ec280000,0x00000000ec600000)
 ParOldGen       total 68608K, used 15949K [0x00000000c0000000, 0x00000000c4300000, 0x00000000eab00000)
  object space 68608K, 23% used [0x00000000c0000000,0x00000000c0f936a0,0x00000000c4300000)
 Metaspace       used 28144K, committed 28928K, reserved 1114112K
  class space    used 2624K, committed 2944K, reserved 1048576K
}
Event: 7.898 GC heap before
{Heap before GC invocations=12 (full 1):
 PSYoungGen      total 24064K, used 24045K [0x00000000eab00000, 0x00000000ec980000, 0x0000000100000000)
  eden space 22528K, 99% used [0x00000000eab00000,0x00000000ec0fc728,0x00000000ec100000)
  from space 1536K, 99% used [0x00000000ec800000,0x00000000ec97eda0,0x00000000ec980000)
  to   space 3584K, 0% used [0x00000000ec280000,0x00000000ec280000,0x00000000ec600000)
 ParOldGen       total 68608K, used 15949K [0x00000000c0000000, 0x00000000c4300000, 0x00000000eab00000)
  object space 68608K, 23% used [0x00000000c0000000,0x00000000c0f936a0,0x00000000c4300000)
 Metaspace       used 31287K, committed 32320K, reserved 1114112K
  class space    used 2958K, committed 3392K, reserved 1048576K
}
Event: 7.900 GC heap after
{Heap after GC invocations=12 (full 1):
 PSYoungGen      total 25600K, used 2107K [0x00000000eab00000, 0x00000000ec880000, 0x0000000100000000)
  eden space 22016K, 0% used [0x00000000eab00000,0x00000000eab00000,0x00000000ec080000)
  from space 3584K, 58% used [0x00000000ec280000,0x00000000ec48ee70,0x00000000ec600000)
  to   space 2560K, 0% used [0x00000000ec600000,0x00000000ec600000,0x00000000ec880000)
 ParOldGen       total 68608K, used 17443K [0x00000000c0000000, 0x00000000c4300000, 0x00000000eab00000)
  object space 68608K, 25% used [0x00000000c0000000,0x00000000c1108d60,0x00000000c4300000)
 Metaspace       used 31287K, committed 32320K, reserved 1114112K
  class space    used 2958K, committed 3392K, reserved 1048576K
}

Dll operation events (11 events):
Event: 0.006 Loaded shared library d:\java\bin\java.dll
Event: 0.028 Loaded shared library d:\java\bin\jsvml.dll
Event: 0.062 Loaded shared library d:\java\bin\zip.dll
Event: 0.064 Loaded shared library D:\java\bin\instrument.dll
Event: 0.067 Loaded shared library D:\java\bin\net.dll
Event: 0.068 Loaded shared library D:\java\bin\nio.dll
Event: 0.070 Loaded shared library D:\java\bin\zip.dll
Event: 0.083 Loaded shared library D:\java\bin\jimage.dll
Event: 0.141 Loaded shared library d:\java\bin\verify.dll
Event: 0.815 Loaded shared library C:\Users\acer\AppData\Roaming\Cursor\User\globalStorage\redhat.java\1.42.0\config_win\org.eclipse.equinox.launcher\org.eclipse.equinox.launcher.win32.win32.x86_64_1.2.1300.v20250331-1702\eclipse_11911.dll
Event: 4.901 Loaded shared library C:\Users\acer\AppData\Local\Temp\jna-2988111\jna13819724940151504213.dll

Deoptimization events (20 events):
Event: 7.904 Thread 0x000001cf50692200 DEOPT PACKING pc=0x000001cf07cbe32c sp=0x0000008034ffeaf0
Event: 7.904 Thread 0x000001cf50692200 DEOPT UNPACKING pc=0x000001cf074a3aa2 sp=0x0000008034ffea48 mode 2
Event: 7.904 Thread 0x000001cf50692200 Uncommon trap: trap_request=0xffffffde fr.pc=0x000001cf07d78464 relative=0x00000000000000c4
Event: 7.904 Thread 0x000001cf50692200 Uncommon trap: reason=class_check action=maybe_recompile pc=0x000001cf07d78464 method=java.lang.Character.codePointAt(Ljava/lang/CharSequence;I)I @ 2 c2
Event: 7.904 Thread 0x000001cf50692200 DEOPT PACKING pc=0x000001cf07d78464 sp=0x0000008034ffe930
Event: 7.904 Thread 0x000001cf50692200 DEOPT UNPACKING pc=0x000001cf074a3aa2 sp=0x0000008034ffe8b8 mode 2
Event: 7.904 Thread 0x000001cf50692200 Uncommon trap: trap_request=0xffffffde fr.pc=0x000001cf07d78464 relative=0x00000000000000c4
Event: 7.904 Thread 0x000001cf50692200 Uncommon trap: reason=class_check action=maybe_recompile pc=0x000001cf07d78464 method=java.lang.Character.codePointAt(Ljava/lang/CharSequence;I)I @ 2 c2
Event: 7.904 Thread 0x000001cf50692200 DEOPT PACKING pc=0x000001cf07d78464 sp=0x0000008034ffe930
Event: 7.904 Thread 0x000001cf50692200 DEOPT UNPACKING pc=0x000001cf074a3aa2 sp=0x0000008034ffe8b8 mode 2
Event: 7.904 Thread 0x000001cf50692200 Uncommon trap: trap_request=0xffffffde fr.pc=0x000001cf07d78464 relative=0x00000000000000c4
Event: 7.904 Thread 0x000001cf50692200 Uncommon trap: reason=class_check action=maybe_recompile pc=0x000001cf07d78464 method=java.lang.Character.codePointAt(Ljava/lang/CharSequence;I)I @ 2 c2
Event: 7.904 Thread 0x000001cf50692200 DEOPT PACKING pc=0x000001cf07d78464 sp=0x0000008034ffe930
Event: 7.904 Thread 0x000001cf50692200 DEOPT UNPACKING pc=0x000001cf074a3aa2 sp=0x0000008034ffe8b8 mode 2
Event: 7.904 Thread 0x000001cf50692200 Uncommon trap: trap_request=0xffffffde fr.pc=0x000001cf07d78464 relative=0x00000000000000c4
Event: 7.904 Thread 0x000001cf50692200 Uncommon trap: reason=class_check action=maybe_recompile pc=0x000001cf07d78464 method=java.lang.Character.codePointAt(Ljava/lang/CharSequence;I)I @ 2 c2
Event: 7.904 Thread 0x000001cf50692200 DEOPT PACKING pc=0x000001cf07d78464 sp=0x0000008034ffe930
Event: 7.904 Thread 0x000001cf50692200 DEOPT UNPACKING pc=0x000001cf074a3aa2 sp=0x0000008034ffe8b8 mode 2
Event: 7.916 Thread 0x000001cf6b0aad60 DEOPT PACKING pc=0x000001cf004c7594 sp=0x00000080320fa8c0
Event: 7.916 Thread 0x000001cf6b0aad60 DEOPT UNPACKING pc=0x000001cf074a4242 sp=0x00000080320f9e50 mode 0

Classes loaded (20 events):
Event: 7.884 Loading class java/lang/invoke/MethodHandleImpl$Makers$1
Event: 7.884 Loading class java/lang/invoke/MethodHandleImpl$Makers$1 done
Event: 7.884 Loading class java/lang/invoke/MethodHandleImpl$Makers$2
Event: 7.885 Loading class java/lang/invoke/MethodHandleImpl$Makers$2 done
Event: 7.885 Loading class java/lang/invoke/MethodHandleImpl$Makers$3
Event: 7.885 Loading class java/lang/invoke/MethodHandleImpl$Makers$3 done
Event: 7.888 Loading class java/lang/runtime/ObjectMethods$1
Event: 7.888 Loading class java/lang/runtime/ObjectMethods$1 done
Event: 7.895 Loading class java/lang/invoke/MethodHandleImpl$CountingWrapper
Event: 7.895 Loading class java/lang/invoke/MethodHandleImpl$CountingWrapper done
Event: 7.904 Loading class java/io/FileReader
Event: 7.904 Loading class java/io/FileReader done
Event: 7.906 Loading class java/io/UncheckedIOException
Event: 7.906 Loading class java/io/UncheckedIOException done
Event: 7.907 Loading class java/nio/channels/spi/AbstractInterruptibleChannel$1
Event: 7.907 Loading class sun/nio/ch/Interruptible
Event: 7.907 Loading class sun/nio/ch/Interruptible done
Event: 7.907 Loading class java/nio/channels/spi/AbstractInterruptibleChannel$1 done
Event: 7.925 Loading class java/math/BigDecimal
Event: 7.925 Loading class java/math/BigDecimal done

Classes unloaded (7 events):
Event: 5.306 Thread 0x000001cf77b04ae0 Unloading class 0x000001cf101aa800 'java/lang/invoke/LambdaForm$MH+0x000001cf101aa800'
Event: 5.306 Thread 0x000001cf77b04ae0 Unloading class 0x000001cf101aa400 'java/lang/invoke/LambdaForm$MH+0x000001cf101aa400'
Event: 5.306 Thread 0x000001cf77b04ae0 Unloading class 0x000001cf101aa000 'java/lang/invoke/LambdaForm$MH+0x000001cf101aa000'
Event: 5.306 Thread 0x000001cf77b04ae0 Unloading class 0x000001cf101a9c00 'java/lang/invoke/LambdaForm$MH+0x000001cf101a9c00'
Event: 5.306 Thread 0x000001cf77b04ae0 Unloading class 0x000001cf101a9800 'java/lang/invoke/LambdaForm$BMH+0x000001cf101a9800'
Event: 5.306 Thread 0x000001cf77b04ae0 Unloading class 0x000001cf101a9400 'java/lang/invoke/LambdaForm$DMH+0x000001cf101a9400'
Event: 5.306 Thread 0x000001cf77b04ae0 Unloading class 0x000001cf101a8400 'java/lang/invoke/LambdaForm$DMH+0x000001cf101a8400'

Classes redefined (0 events):
No events

Internal exceptions (20 events):
Event: 5.839 Thread 0x000001cf505d3040 Exception <a 'java/io/FileNotFoundException'{0x00000000eb688aa0}> (0x00000000eb688aa0) 
thrown [s\open\src\hotspot\share\prims\jni.cpp, line 520]
Event: 5.849 Thread 0x000001cf505d3040 Exception <a 'java/lang/UnsatisfiedLinkError'{0x00000000eb79afb8}: The specified procedure could not be found.
> (0x00000000eb79afb8) 
thrown [s\open\src\hotspot\share\prims\jni.cpp, line 539]
Event: 5.851 Thread 0x000001cf505d3040 Exception <a 'java/io/FileNotFoundException'{0x00000000eb7b27d8}> (0x00000000eb7b27d8) 
thrown [s\open\src\hotspot\share\prims\jni.cpp, line 520]
Event: 5.855 Thread 0x000001cf505d3040 Exception <a 'java/io/FileNotFoundException'{0x00000000eb83a890}> (0x00000000eb83a890) 
thrown [s\open\src\hotspot\share\prims\jni.cpp, line 520]
Event: 5.858 Thread 0x000001cf505d3040 Exception <a 'java/lang/UnsatisfiedLinkError'{0x00000000eb86c878}: The specified procedure could not be found.
> (0x00000000eb86c878) 
thrown [s\open\src\hotspot\share\prims\jni.cpp, line 539]
Event: 7.882 Thread 0x000001cf50692200 Exception <a 'java/lang/NoSuchMethodError'{0x00000000ebbac3e8}: 'java.lang.Object java.lang.invoke.DirectMethodHandle$Holder.invokeStaticInit(java.lang.Object, java.lang.Object, java.lang.Object, java.lang.Object, java.lang.Object, java.lang.Object, java.lang.Object)'> (0x00000000ebbac3e8) 
thrown [s\open\src\hotspot\share\interpreter\linkResolver.cpp, line 773]
Event: 7.883 Thread 0x000001cf50692200 Exception <a 'java/lang/NoSuchMethodError'{0x00000000ebbeca28}: 'java.lang.Object java.lang.invoke.Invokers$Holder.invoke_MT(java.lang.Object, java.lang.Object, java.lang.Object, java.lang.Object, java.lang.Object, java.lang.Object, java.lang.Object, java.lang.Object, java.lang.Object)'> (0x00000000ebbeca28) 
thrown [s\open\src\hotspot\share\interpreter\linkResolver.cpp, line 773]
Event: 7.889 Thread 0x000001cf50692200 Exception <a 'java/lang/NoSuchMethodError'{0x00000000ebd204b0}: 'int java.lang.invoke.DirectMethodHandle$Holder.invokeVirtual(java.lang.Object, java.lang.Object, java.lang.Object)'> (0x00000000ebd204b0) 
thrown [s\open\src\hotspot\share\interpreter\linkResolver.cpp, line 773]
Event: 7.889 Thread 0x000001cf50692200 Exception <a 'java/lang/NoSuchMethodError'{0x00000000ebd24148}: 'int java.lang.invoke.DirectMethodHandle$Holder.invokeStaticInit(java.lang.Object, int, int)'> (0x00000000ebd24148) 
thrown [s\open\src\hotspot\share\interpreter\linkResolver.cpp, line 773]
Event: 7.889 Thread 0x000001cf50692200 Exception <a 'java/lang/NoSuchMethodError'{0x00000000ebd91510}: 'int java.lang.invoke.DirectMethodHandle$Holder.invokeStaticInit(java.lang.Object, long, long)'> (0x00000000ebd91510) 
thrown [s\open\src\hotspot\share\interpreter\linkResolver.cpp, line 773]
Event: 7.889 Thread 0x000001cf50692200 Exception <a 'java/lang/NoSuchMethodError'{0x00000000ebd97b78}: 'int java.lang.invoke.DirectMethodHandle$Holder.invokeStaticInit(java.lang.Object, float, float)'> (0x00000000ebd97b78) 
thrown [s\open\src\hotspot\share\interpreter\linkResolver.cpp, line 773]
Event: 7.889 Thread 0x000001cf50692200 Exception <a 'java/lang/NoSuchMethodError'{0x00000000ebdd7a10}: 'int java.lang.invoke.DirectMethodHandle$Holder.invokeStaticInit(java.lang.Object, double, double)'> (0x00000000ebdd7a10) 
thrown [s\open\src\hotspot\share\interpreter\linkResolver.cpp, line 773]
Event: 7.890 Thread 0x000001cf50692200 Exception <a 'java/lang/NoSuchMethodError'{0x00000000ebddbb00}: 'int java.lang.invoke.DirectMethodHandle$Holder.invokeStatic(java.lang.Object, long)'> (0x00000000ebddbb00) 
thrown [s\open\src\hotspot\share\interpreter\linkResolver.cpp, line 773]
Event: 7.891 Thread 0x000001cf50692200 Exception <a 'java/lang/NoSuchMethodError'{0x00000000ebe76588}: 'int java.lang.invoke.Invokers$Holder.linkToTargetMethod(java.lang.Object, java.lang.Object)'> (0x00000000ebe76588) 
thrown [s\open\src\hotspot\share\interpreter\linkResolver.cpp, line 773]
Event: 7.892 Thread 0x000001cf50692890 Exception <a 'java/lang/NoSuchMethodError'{0x00000000ebee45a8}: 'int java.lang.invoke.DirectMethodHandle$Holder.invokeSpecial(java.lang.Object, java.lang.Object, java.lang.Object, java.lang.Object)'> (0x00000000ebee45a8) 
thrown [s\open\src\hotspot\share\interpreter\linkResolver.cpp, line 773]
Event: 7.894 Thread 0x000001cf50692890 Exception <a 'java/lang/NoSuchMethodError'{0x00000000ebf4bb30}: 'java.lang.Object java.lang.invoke.DirectMethodHandle$Holder.invokeStatic(java.lang.Object, int, java.lang.Object, java.lang.Object)'> (0x00000000ebf4bb30) 
thrown [s\open\src\hotspot\share\interpreter\linkResolver.cpp, line 773]
Event: 7.894 Thread 0x000001cf50692890 Exception <a 'java/lang/NoSuchMethodError'{0x00000000ebf9b570}: 'java.lang.Object java.lang.invoke.DelegatingMethodHandle$Holder.delegate(java.lang.Object, int, java.lang.Object, java.lang.Object)'> (0x00000000ebf9b570) 
thrown [s\open\src\hotspot\share\interpreter\linkResolver.cpp, line 773]
Event: 7.896 Thread 0x000001cf50692890 Exception <a 'java/lang/NoSuchMethodError'{0x00000000ebff91a8}: 'int java.lang.invoke.Invokers$Holder.linkToTargetMethod(java.lang.Object, java.lang.Object, java.lang.Object)'> (0x00000000ebff91a8) 
thrown [s\open\src\hotspot\share\interpreter\linkResolver.cpp, line 773]
Event: 7.907 Thread 0x000001cf506907c0 Exception <a 'java/lang/NoSuchMethodError'{0x00000000ead7cf18}: 'void java.lang.invoke.DirectMethodHandle$Holder.invokeStaticInit(java.lang.Object, java.lang.Object, java.lang.Object, java.lang.Object)'> (0x00000000ead7cf18) 
thrown [s\open\src\hotspot\share\interpreter\linkResolver.cpp, line 773]
Event: 7.918 Thread 0x000001cf50692200 Exception <a 'java/lang/NoSuchMethodError'{0x00000000eb61b0e8}: 'java.lang.Object java.lang.invoke.DirectMethodHandle$Holder.invokeSpecialIFC(java.lang.Object, java.lang.Object, java.lang.Object, java.lang.Object)'> (0x00000000eb61b0e8) 
thrown [s\open\src\hotspot\share\interpreter\linkResolver.cpp, line 773]

ZGC Phase Switch (0 events):
No events

VM Operations (20 events):
Event: 5.604 Executing VM operation: ParallelGCFailedAllocation (Allocation Failure)
Event: 5.605 Executing VM operation: ParallelGCFailedAllocation (Allocation Failure) done
Event: 5.669 Executing VM operation: HandshakeAllThreads (Deoptimize)
Event: 5.670 Executing VM operation: HandshakeAllThreads (Deoptimize) done
Event: 5.706 Executing VM operation: ParallelGCFailedAllocation (Allocation Failure)
Event: 5.709 Executing VM operation: ParallelGCFailedAllocation (Allocation Failure) done
Event: 5.746 Executing VM operation: HandshakeAllThreads (Deoptimize)
Event: 5.746 Executing VM operation: HandshakeAllThreads (Deoptimize) done
Event: 5.795 Executing VM operation: HandshakeAllThreads (Deoptimize)
Event: 5.795 Executing VM operation: HandshakeAllThreads (Deoptimize) done
Event: 5.797 Executing VM operation: HandshakeAllThreads (Deoptimize)
Event: 5.797 Executing VM operation: HandshakeAllThreads (Deoptimize) done
Event: 6.797 Executing VM operation: Cleanup
Event: 6.878 Executing VM operation: Cleanup done
Event: 7.878 Executing VM operation: Cleanup
Event: 7.878 Executing VM operation: Cleanup done
Event: 7.895 Executing VM operation: HandshakeAllThreads (Deoptimize)
Event: 7.896 Executing VM operation: HandshakeAllThreads (Deoptimize) done
Event: 7.898 Executing VM operation: ParallelGCFailedAllocation (Allocation Failure)
Event: 7.900 Executing VM operation: ParallelGCFailedAllocation (Allocation Failure) done

Events (20 events):
Event: 3.591 Thread 0x000001cf50696aa0 Thread added: 0x000001cf50696aa0
Event: 3.692 Thread 0x000001cf506941c0 Thread added: 0x000001cf506941c0
Event: 3.692 Thread 0x000001cf50695d00 Thread added: 0x000001cf50695d00
Event: 4.764 Thread 0x000001cf50696aa0 Thread exited: 0x000001cf50696aa0
Event: 4.764 Thread 0x000001cf50695d00 Thread exited: 0x000001cf50695d00
Event: 4.790 Thread 0x000001cf50695630 Thread added: 0x000001cf50695630
Event: 4.911 Thread 0x000001cf50695630 Thread exited: 0x000001cf50695630
Event: 4.915 Thread 0x000001cf50690e50 Thread added: 0x000001cf50690e50
Event: 4.968 Thread 0x000001cf50695d00 Thread added: 0x000001cf50695d00
Event: 5.015 Thread 0x000001cf50692890 Thread added: 0x000001cf50692890
Event: 5.041 Thread 0x000001cf506914e0 Thread added: 0x000001cf506914e0
Event: 5.145 Thread 0x000001cf50694890 Thread added: 0x000001cf50694890
Event: 5.145 Thread 0x000001cf50694f60 Thread added: 0x000001cf50694f60
Event: 5.738 Thread 0x000001cf50691b70 Thread added: 0x000001cf50691b70
Event: 6.877 Thread 0x000001cf50692200 Thread added: 0x000001cf50692200
Event: 6.878 Thread 0x000001cf50690130 Thread added: 0x000001cf50690130
Event: 7.878 Thread 0x000001cf506907c0 Thread added: 0x000001cf506907c0
Event: 7.880 Thread 0x000001cf50694f60 Thread exited: 0x000001cf50694f60
Event: 7.882 Thread 0x000001cf50694890 Thread exited: 0x000001cf50694890
Event: 7.917 Thread 0x000001cf53a96050 Thread added: 0x000001cf53a96050


Dynamic libraries:
0x00007ff63c120000 - 0x00007ff63c130000 	d:\java\bin\java.exe
0x00007fffe2ca0000 - 0x00007fffe2f05000 	C:\WINDOWS\SYSTEM32\ntdll.dll
0x00007fffe1a30000 - 0x00007fffe1af9000 	C:\WINDOWS\System32\KERNEL32.DLL
0x00007fffe02e0000 - 0x00007fffe06c8000 	C:\WINDOWS\System32\KERNELBASE.dll
0x00007fffe0190000 - 0x00007fffe02db000 	C:\WINDOWS\System32\ucrtbase.dll
0x00007fffce090000 - 0x00007fffce0a9000 	d:\java\bin\jli.dll
0x00007fffcdf90000 - 0x00007fffcdfab000 	d:\java\bin\VCRUNTIME140.dll
0x00007fffe0bf0000 - 0x00007fffe0ca3000 	C:\WINDOWS\System32\ADVAPI32.dll
0x00007fffe10d0000 - 0x00007fffe1179000 	C:\WINDOWS\System32\msvcrt.dll
0x00007fffe2230000 - 0x00007fffe22d6000 	C:\WINDOWS\System32\sechost.dll
0x00007fffe0a40000 - 0x00007fffe0b55000 	C:\WINDOWS\System32\RPCRT4.dll
0x00007fffe2a10000 - 0x00007fffe2bda000 	C:\WINDOWS\System32\USER32.dll
0x00007fffe00b0000 - 0x00007fffe00d7000 	C:\WINDOWS\System32\win32u.dll
0x00007fffbf140000 - 0x00007fffbf3da000 	C:\WINDOWS\WinSxS\amd64_microsoft.windows.common-controls_6595b64144ccf1df_6.0.26100.4202_none_3e0698d4e335f517\COMCTL32.dll
0x00007fffe24c0000 - 0x00007fffe24eb000 	C:\WINDOWS\System32\GDI32.dll
0x00007fffdfdf0000 - 0x00007fffdff27000 	C:\WINDOWS\System32\gdi32full.dll
0x00007fffe00e0000 - 0x00007fffe0183000 	C:\WINDOWS\System32\msvcp_win.dll
0x00007fffcd540000 - 0x00007fffcd54b000 	C:\WINDOWS\SYSTEM32\VERSION.dll
0x00007fffe28b0000 - 0x00007fffe28e0000 	C:\WINDOWS\System32\IMM32.DLL
0x00007fffd1b70000 - 0x00007fffd1b7c000 	d:\java\bin\vcruntime140_1.dll
0x00007fffc5b10000 - 0x00007fffc5b9e000 	d:\java\bin\msvcp140.dll
0x00007fff33df0000 - 0x00007fff34b05000 	d:\java\bin\server\jvm.dll
0x00007fffe2be0000 - 0x00007fffe2c54000 	C:\WINDOWS\System32\WS2_32.dll
0x00007fffdea10000 - 0x00007fffdea6e000 	C:\WINDOWS\SYSTEM32\POWRPROF.dll
0x00007fffcb3d0000 - 0x00007fffcb405000 	C:\WINDOWS\SYSTEM32\WINMM.dll
0x00007fffde9f0000 - 0x00007fffdea04000 	C:\WINDOWS\SYSTEM32\UMPDC.dll
0x00007fffdecd0000 - 0x00007fffdeceb000 	C:\WINDOWS\SYSTEM32\kernel.appcore.dll
0x00007fffd1480000 - 0x00007fffd148a000 	d:\java\bin\jimage.dll
0x00007fffdd730000 - 0x00007fffdd971000 	C:\WINDOWS\SYSTEM32\DBGHELP.DLL
0x00007fffe24f0000 - 0x00007fffe2875000 	C:\WINDOWS\System32\combase.dll
0x00007fffe1b00000 - 0x00007fffe1be1000 	C:\WINDOWS\System32\OLEAUT32.dll
0x00007fffb64a0000 - 0x00007fffb64d9000 	C:\WINDOWS\SYSTEM32\dbgcore.DLL
0x00007fffe09a0000 - 0x00007fffe0a39000 	C:\WINDOWS\System32\bcryptPrimitives.dll
0x00007fffd0450000 - 0x00007fffd045f000 	d:\java\bin\instrument.dll
0x00007fffcdd00000 - 0x00007fffcdd1f000 	d:\java\bin\java.dll
0x00007fffe1190000 - 0x00007fffe18d2000 	C:\WINDOWS\System32\SHELL32.dll
0x00007fffe0790000 - 0x00007fffe0904000 	C:\WINDOWS\System32\wintypes.dll
0x00007fffdda60000 - 0x00007fffde2b8000 	C:\WINDOWS\SYSTEM32\windows.storage.dll
0x00007fffe1930000 - 0x00007fffe1a21000 	C:\WINDOWS\System32\SHCORE.dll
0x00007fffe29a0000 - 0x00007fffe2a0a000 	C:\WINDOWS\System32\shlwapi.dll
0x00007fffdfd00000 - 0x00007fffdfd2f000 	C:\WINDOWS\SYSTEM32\profapi.dll
0x00007fff9e5e0000 - 0x00007fff9e6b7000 	d:\java\bin\jsvml.dll
0x00007fffcdd60000 - 0x00007fffcdd78000 	d:\java\bin\zip.dll
0x00007fffcf090000 - 0x00007fffcf0a0000 	D:\java\bin\net.dll
0x00007fffd4fd0000 - 0x00007fffd50ee000 	C:\WINDOWS\SYSTEM32\WINHTTP.dll
0x00007fffdf240000 - 0x00007fffdf2aa000 	C:\WINDOWS\system32\mswsock.dll
0x00007fffcdd40000 - 0x00007fffcdd56000 	D:\java\bin\nio.dll
0x00007fffd58c0000 - 0x00007fffd58d0000 	d:\java\bin\verify.dll
0x00007fffc6030000 - 0x00007fffc6075000 	C:\Users\acer\AppData\Roaming\Cursor\User\globalStorage\redhat.java\1.42.0\config_win\org.eclipse.equinox.launcher\org.eclipse.equinox.launcher.win32.win32.x86_64_1.2.1300.v20250331-1702\eclipse_11911.dll
0x00007fffe0f20000 - 0x00007fffe10be000 	C:\WINDOWS\System32\ole32.dll
0x00007fffdf4f0000 - 0x00007fffdf50b000 	C:\WINDOWS\SYSTEM32\CRYPTSP.dll
0x00007fffdec30000 - 0x00007fffdec6a000 	C:\WINDOWS\system32\rsaenh.dll
0x00007fffdf2e0000 - 0x00007fffdf30b000 	C:\WINDOWS\SYSTEM32\USERENV.dll
0x00007fffdfcd0000 - 0x00007fffdfcf6000 	C:\WINDOWS\SYSTEM32\bcrypt.dll
0x00007fffdf510000 - 0x00007fffdf51c000 	C:\WINDOWS\SYSTEM32\CRYPTBASE.dll
0x00007fffde630000 - 0x00007fffde663000 	C:\WINDOWS\SYSTEM32\IPHLPAPI.DLL
0x00007fffe2880000 - 0x00007fffe288a000 	C:\WINDOWS\System32\NSI.dll
0x00007fffbfcb0000 - 0x00007fffbfcf9000 	C:\Users\acer\AppData\Local\Temp\jna-2988111\jna13819724940151504213.dll
0x00007fffe1180000 - 0x00007fffe1188000 	C:\WINDOWS\System32\PSAPI.DLL
0x00007fffd5310000 - 0x00007fffd532f000 	C:\WINDOWS\SYSTEM32\dhcpcsvc6.DLL
0x00007fffd4f50000 - 0x00007fffd4f75000 	C:\WINDOWS\SYSTEM32\dhcpcsvc.DLL

dbghelp: loaded successfully - version: 4.0.5 - missing functions: none
symbol engine: initialized successfully - sym options: 0x614 - pdb path: .;d:\java\bin;C:\WINDOWS\SYSTEM32;C:\WINDOWS\WinSxS\amd64_microsoft.windows.common-controls_6595b64144ccf1df_6.0.26100.4202_none_3e0698d4e335f517;d:\java\bin\server;C:\Users\acer\AppData\Roaming\Cursor\User\globalStorage\redhat.java\1.42.0\config_win\org.eclipse.equinox.launcher\org.eclipse.equinox.launcher.win32.win32.x86_64_1.2.1300.v20250331-1702;C:\Users\acer\AppData\Local\Temp\jna-2988111

VM Arguments:
jvm_args: --add-modules=ALL-SYSTEM --add-opens=java.base/java.util=ALL-UNNAMED --add-opens=java.base/java.lang=ALL-UNNAMED --add-opens=java.base/sun.nio.fs=ALL-UNNAMED -Declipse.application=org.eclipse.jdt.ls.core.id1 -Dosgi.bundles.defaultStartLevel=4 -Declipse.product=org.eclipse.jdt.ls.core.product -Djava.import.generatesMetadataFilesAtProjectRoot=false -DDetectVMInstallationsJob.disabled=true -Dfile.encoding=utf8 -XX:+UseParallelGC -XX:GCTimeRatio=4 -XX:AdaptiveSizePolicyWeight=90 -Dsun.zip.disableMemoryMapping=true -Xmx1G -Xms100m -Xlog:disable -javaagent:c:\Users\acer\.cursor\extensions\redhat.java-1.42.0-win32-x64\lombok\lombok-1.18.36.jar -XX:+HeapDumpOnOutOfMemoryError -XX:HeapDumpPath=c:\Users\acer\AppData\Roaming\Cursor\User\workspaceStorage\66bda457d6a4410ce3976e03a320a7be\redhat.java -Daether.dependencyCollector.impl=bf 
java_command: c:\Users\acer\.cursor\extensions\redhat.java-1.42.0-win32-x64\server\plugins\org.eclipse.equinox.launcher_1.7.0.v20250424-1814.jar -configuration c:\Users\acer\AppData\Roaming\Cursor\User\globalStorage\redhat.java\1.42.0\config_win -data c:\Users\acer\AppData\Roaming\Cursor\User\workspaceStorage\66bda457d6a4410ce3976e03a320a7be\redhat.java\jdt_ws --pipe=\\.\pipe\lsp-92c9041c061665a5439a43f4d633fd00-sock
java_class_path (initial): c:\Users\acer\.cursor\extensions\redhat.java-1.42.0-win32-x64\server\plugins\org.eclipse.equinox.launcher_1.7.0.v20250424-1814.jar
Launcher Type: SUN_STANDARD

[Global flags]
    uintx AdaptiveSizePolicyWeight                 = 90                                        {product} {command line}
     intx CICompilerCount                          = 12                                        {product} {ergonomic}
    uintx GCTimeRatio                              = 4                                         {product} {command line}
     bool HeapDumpOnOutOfMemoryError               = true                                   {manageable} {command line}
    ccstr HeapDumpPath                             = c:\Users\acer\AppData\Roaming\Cursor\User\workspaceStorage\66bda457d6a4410ce3976e03a320a7be\redhat.java         {manageable} {command line}
   size_t InitialHeapSize                          = 104857600                                 {product} {command line}
   size_t MaxHeapSize                              = 1073741824                                {product} {command line}
   size_t MaxNewSize                               = 357564416                                 {product} {ergonomic}
   size_t MinHeapDeltaBytes                        = 524288                                    {product} {ergonomic}
   size_t MinHeapSize                              = 104857600                                 {product} {command line}
   size_t NewSize                                  = 34603008                                  {product} {ergonomic}
    uintx NonNMethodCodeHeapSize                   = 7602480                                {pd product} {ergonomic}
    uintx NonProfiledCodeHeapSize                  = 122027880                              {pd product} {ergonomic}
   size_t OldSize                                  = 70254592                                  {product} {ergonomic}
    uintx ProfiledCodeHeapSize                     = 122027880                              {pd product} {ergonomic}
    uintx ReservedCodeCacheSize                    = 251658240                              {pd product} {ergonomic}
     bool SegmentedCodeCache                       = true                                      {product} {ergonomic}
   size_t SoftMaxHeapSize                          = 1073741824                             {manageable} {ergonomic}
     bool UseCompressedOops                        = true                           {product lp64_product} {ergonomic}
     bool UseLargePagesIndividualAllocation        = false                                  {pd product} {ergonomic}
     bool UseParallelGC                            = true                                      {product} {command line}

Logging:
Log output configuration:
 #0: stdout all=off uptime,level,tags foldmultilines=false
 #1: stderr all=off uptime,level,tags foldmultilines=false

Environment Variables:
JAVA_HOME=D:\jdk
PATH=C:\Users\acer\AppData\Local\jdk-11.0.2;C:\Program Files\Common Files\Oracle\Java\javapath;C:\Windows\system32;C:\Windows;C:\Windows\System32\Wbem;C:\Windows\System32\WindowsPowerShell\v1.0\;C:\Windows\System32\OpenSSH\;C:\Program Files (x86)\NVIDIA Corporation\PhysX\Common;C:\WINDOWS\system32;C:\WINDOWS;C:\WINDOWS\System32\Wbem;C:\WINDOWS\System32\WindowsPowerShell\v1.0\;C:\WINDOWS\System32\OpenSSH\;C:\Program Files\dotnet\;D:\java;C:\Program Files (x86)\Microsoft SQL Server\160\Tools\Binn\;C:\Program Files\Microsoft SQL Server\160\Tools\Binn\;C:\Program Files\Microsoft SQL Server\Client SDK\ODBC\170\Tools\Binn\;C:\Program Files\Microsoft SQL Server\160\DTS\Binn\;C:\Program Files (x86)\Microsoft SQL Server\160\DTS\Binn\;C:\Program Files\Azure Data Studio\bin;D:\python\~cripts\pip.exe;D:\python\Lib\site-packages;D:\Program Files\Git\cmd;D:\Dev-Cpp\MinGW64\bin;C:\ProgramData\chocolatey\bin;C:\ProgramData\chocolatey\bin\ngrok.exe;D:\flutter\bin;C:\Program Files\NVIDIA Corporation\NVIDIA app\NvDLISR;C:\Program Files\Docker\Docker\resources\bin;C:\ProgramData\chocolatey\lib\maven\apache-maven-3.9.9\bin;C:\Program Files\Microsoft SQL Server\150\Tools\Binn\;D:\nodejs;D:\jdk\bin;C:\Users\acer\AppData\Local\Android\Sdk\tools;C:\Users\acer\AppData\Local\Android\Sdk\platform-tools;C:\Users\acer\AppData\Local\Android\Sdk\cmdline-tools\latest\bin;C:\Users\acer\AppData\Local\jdk-11.0.2;C:\Program Files\Common Files\Oracle\Java\javapath;C:\Windows\system32;C:\Windows;C:\Windows\System32\Wbem;C:\Windows\System32\WindowsPowerShell\v1.0\;C:\Windows\System32\OpenSSH\;C:\Program Files (x86)\NVIDIA Corporation\PhysX\Common;C:\WINDOWS\system32;C:\WINDOWS;C:\WINDOWS\System32\Wbem;C:\WINDOWS\System32\WindowsPowerShell\v1.0\;C:\WINDOWS\System32\OpenSSH\;C:\Program Files\dotnet\;D:\java;C:\Program Files (x86)\Microsoft SQL Server\160\Tools\Binn\;C:\Program Files\Microsoft SQL Server\160\Tools\Binn\;C:\Program Files\Microsoft SQL Server\Client SDK\ODBC\170\Tools\Binn\;C:\Program Files\Microsoft SQL Server\160\DTS\Binn\;C:\Program Files (x86)\Microsoft SQL Server\160\DTS\Binn\;C:\Program Files\Azure Data Studio\bin;D:\python\~cripts\pip.exe;D:\python\Lib\site-packages;D:\Program Files\Git\cmd;D:\Dev-Cpp\MinGW64\bin;C:\ProgramData\chocolatey\bin;C:\ProgramData\chocolatey\bin\ngrok.exe;D:\flutter\bin;C:\Program Files\NVIDIA Corporation\NVIDIA app\NvDLISR;C:\Program Files\Docker\Docker\resources\bin;C:\ProgramData\chocolatey\lib\maven\apache-maven-3.9.9\bin;C:\Program Files\Microsoft SQL Server\150\Tools\Binn\;D:\nodejs;;D:\Microsoft VS Code\bin;D:\cursor\resources\app\bin;C:\Users\acer\AppData\Local\GitHubDesktop\bin;C:\Users\acer\AppData\Roaming\npm;D:\nodejs;
USERNAME=acer
OS=Windows_NT
PROCESSOR_IDENTIFIER=Intel64 Family 6 Model 191 Stepping 2, GenuineIntel
TMP=C:\Users\acer\AppData\Local\Temp
TEMP=C:\Users\acer\AppData\Local\Temp




Periodic native trim disabled

---------------  S Y S T E M  ---------------

OS:
 Windows 11 , 64 bit Build 26100 (10.0.26100.4202)
OS uptime: 7 days 18:29 hours
Hyper-V role detected

CPU: total 20 (initial active 20) (10 cores per cpu, 2 threads per core) family 6 model 191 stepping 2 microcode 0x2c, cx8, cmov, fxsr, ht, mmx, 3dnowpref, sse, sse2, sse3, ssse3, sse4.1, sse4.2, popcnt, lzcnt, tsc, tscinvbit, avx, avx2, aes, erms, clmul, bmi1, bmi2, adx, sha, fma, vzeroupper, clflush, clflushopt, clwb, hv, serialize, rdtscp, rdpid, fsrm, f16c, cet_ibt, cet_ss
Processor Information for processor 0
  Max Mhz: 2500, Current Mhz: 2500, Mhz Limit: 2500
Processor Information for processor 1
  Max Mhz: 2500, Current Mhz: 2500, Mhz Limit: 2500
Processor Information for processor 2
  Max Mhz: 2500, Current Mhz: 2500, Mhz Limit: 2500
Processor Information for processor 3
  Max Mhz: 2500, Current Mhz: 1532, Mhz Limit: 2500
Processor Information for processor 4
  Max Mhz: 2500, Current Mhz: 2500, Mhz Limit: 2500
Processor Information for processor 5
  Max Mhz: 2500, Current Mhz: 2500, Mhz Limit: 2500
Processor Information for processor 6
  Max Mhz: 2500, Current Mhz: 2500, Mhz Limit: 2500
Processor Information for processor 7
  Max Mhz: 2500, Current Mhz: 2500, Mhz Limit: 2500
Processor Information for processor 8
  Max Mhz: 2500, Current Mhz: 2500, Mhz Limit: 2500
Processor Information for processor 9
  Max Mhz: 2500, Current Mhz: 2500, Mhz Limit: 2500
Processor Information for processor 10
  Max Mhz: 2500, Current Mhz: 2500, Mhz Limit: 2500
Processor Information for processor 11
  Max Mhz: 2500, Current Mhz: 2500, Mhz Limit: 2500
Processor Information for processor 12
  Max Mhz: 2500, Current Mhz: 1800, Mhz Limit: 1800
Processor Information for processor 13
  Max Mhz: 2500, Current Mhz: 1800, Mhz Limit: 1800
Processor Information for processor 14
  Max Mhz: 2500, Current Mhz: 1800, Mhz Limit: 1800
Processor Information for processor 15
  Max Mhz: 2500, Current Mhz: 1800, Mhz Limit: 1800
Processor Information for processor 16
  Max Mhz: 2500, Current Mhz: 1800, Mhz Limit: 1800
Processor Information for processor 17
  Max Mhz: 2500, Current Mhz: 1800, Mhz Limit: 1800
Processor Information for processor 18
  Max Mhz: 2500, Current Mhz: 1800, Mhz Limit: 1800
Processor Information for processor 19
  Max Mhz: 2500, Current Mhz: 1500, Mhz Limit: 1800

Memory: 4k page, system-wide physical 16103M (668M free)
TotalPageFile size 46988M (AvailPageFile size 111M)
current process WorkingSet (physical memory assigned to process): 199M, peak: 201M
current process commit charge ("private bytes"): 317M, peak: 319M

vm_info: Java HotSpot(TM) 64-Bit Server VM (21.0.1+12-LTS-29) for windows-amd64 JRE (21.0.1+12-LTS-29), built on 2023-10-05T13:27:09Z by "mach5one" with MS VC++ 17.1 (VS2022)

END.
